11/09/2020 11:05:39 PM stock downloaded
11/09/2020 11:10:04 PM 1.0 Stock Downloaded
11/09/2020 11:10:04 PM Display Main Menu
11/09/2020 11:10:09 PM User Action: 1
11/09/2020 11:10:19 PM Display Main Menu
11/09/2020 11:10:22 PM User Action: 2
11/09/2020 11:10:24 PM User Action: 1001
11/09/2020 11:10:25 PM User Action: 12
11/09/2020 11:10:25 PM 12 Apple added to your cart 

11/09/2020 11:10:36 PM User Action: 1009
11/09/2020 11:10:39 PM User Action: 75
11/09/2020 11:10:39 PM 75 orange added to your cart 

11/09/2020 11:10:44 PM User Action: 1009
11/09/2020 11:10:46 PM User Action: 1
11/09/2020 11:10:46 PM 1 orange added to your cart 

11/09/2020 11:11:08 PM User Action: 1007
11/09/2020 11:11:12 PM User Action: 1005
11/09/2020 11:11:14 PM User Action: 12
11/09/2020 11:11:15 PM 12 Cherry added to your cart 

11/09/2020 11:11:15 PM Display Main Menu
11/09/2020 11:11:18 PM User Action: 3
11/09/2020 11:11:25 PM Display Main Menu
11/09/2020 11:15:38 PM 1.0 Stock Downloaded
11/09/2020 11:15:38 PM Display Main Menu
11/09/2020 11:15:48 PM User Action: 1
11/09/2020 11:15:48 PM Display Main Menu
11/09/2020 11:15:49 PM User Action: 2
11/09/2020 11:15:50 PM User Action: 1001
11/09/2020 11:15:53 PM User Action: 15
11/09/2020 11:15:53 PM 15 Apple added to your cart 

11/09/2020 11:15:56 PM User Action: 1009
11/09/2020 11:15:58 PM User Action: 76
11/09/2020 11:15:58 PM 76 orange added to your cart 

11/09/2020 11:16:11 PM User Action: 1005
11/09/2020 11:16:15 PM User Action: 45
11/09/2020 11:16:18 PM User Action: 
11/16/2020 10:24:30 PM 1.0 Stock Downloaded
11/16/2020 10:24:30 PM Display Main Menu
11/16/2020 10:24:46 PM User Action: 1
11/16/2020 10:24:46 PM Display Main Menu
11/16/2020 10:24:51 PM User Action: 2
11/16/2020 10:24:53 PM User Action: 1001
11/16/2020 10:24:57 PM User Action: 50
11/16/2020 10:24:57 PM 50 Apple added to your cart 

11/16/2020 10:25:10 PM User Action: 1002
11/16/2020 10:25:12 PM User Action: 12
11/16/2020 10:25:12 PM 12 Banana added to your cart 

11/16/2020 10:25:25 PM User Action: 1005
11/16/2020 10:25:26 PM User Action: 5
11/16/2020 10:25:26 PM 5 Cherry added to your cart 

11/16/2020 10:25:34 PM User Action: 1009
11/16/2020 10:25:36 PM User Action: 23
11/16/2020 10:25:36 PM 23 orange added to your cart 

11/16/2020 10:25:52 PM User Action: 
11/16/2020 10:26:59 PM 1.0 Stock Downloaded
11/16/2020 10:26:59 PM Display Main Menu
11/16/2020 10:27:24 PM User Action: 2
11/16/2020 10:27:25 PM User Action: 1001
11/16/2020 10:27:26 PM User Action: 50
11/16/2020 10:27:26 PM 50 Apple added to your cart 

11/16/2020 10:27:31 PM User Action: 1002
11/16/2020 10:27:32 PM User Action: 12
11/16/2020 10:27:32 PM 12 Banana added to your cart 

11/16/2020 10:27:35 PM User Action: 1005
11/16/2020 10:27:36 PM User Action: 5
11/16/2020 10:27:36 PM 5 Cherry added to your cart 

11/16/2020 10:27:41 PM User Action: n
11/16/2020 10:27:50 PM 1.0 Stock Downloaded
11/16/2020 10:27:50 PM Display Main Menu
11/16/2020 10:27:56 PM User Action: 2
11/16/2020 10:27:57 PM User Action: 1001
11/16/2020 10:28:02 PM User Action: 20
11/16/2020 10:28:02 PM 20 Apple added to your cart 

11/16/2020 10:28:06 PM User Action: 1002
11/16/2020 10:28:08 PM User Action: 12
11/16/2020 10:28:08 PM 12 Banana added to your cart 

11/16/2020 10:28:10 PM User Action: 1005
11/16/2020 10:28:11 PM User Action: 5
11/16/2020 10:28:11 PM 5 Cherry added to your cart 

11/16/2020 10:28:17 PM User Action: 
11/16/2020 10:28:47 PM User Action: 
11/16/2020 10:28:47 PM Display Main Menu
11/16/2020 10:28:59 PM User Action: 3
11/16/2020 10:29:06 PM Display Main Menu
11/16/2020 10:29:08 PM User Action: 4
11/16/2020 10:32:50 PM 1.0 Stock Downloaded
11/16/2020 10:32:50 PM Display Main Menu
11/16/2020 10:32:59 PM User Action: 2
11/16/2020 10:33:01 PM User Action: 1001
11/16/2020 10:33:03 PM User Action: 23
11/16/2020 10:33:03 PM 23 Apple added to your cart 

11/16/2020 10:33:39 PM User Action: 1002
11/16/2020 10:33:40 PM User Action: 12
11/16/2020 10:33:40 PM 12 Banana added to your cart 

11/16/2020 10:33:46 PM User Action: 1005
11/16/2020 10:33:48 PM User Action: 5
11/16/2020 10:33:48 PM 5 Cherry added to your cart 

11/16/2020 10:33:53 PM User Action: 1009
11/16/2020 10:33:54 PM User Action: 10
11/16/2020 10:33:54 PM 10 orange added to your cart 

11/16/2020 10:34:00 PM User Action: 
11/16/2020 10:34:00 PM Display Main Menu
11/16/2020 10:34:13 PM User Action: 3
11/16/2020 10:34:20 PM Display Main Menu
11/16/2020 10:34:24 PM User Action: 4
11/16/2020 10:34:24 PM User contains {'Apple': 23, 'Banana': 12, 'Cherry': 5, 'orange': 10} in cart
11/16/2020 10:34:24 PM Preparing bill..
11/16/2020 10:34:24 PM Total Bill amount to pay 706 Rupees 

11/16/2020 10:40:24 PM 1.0 Stock Downloaded
11/16/2020 10:40:24 PM Display Main Menu
11/16/2020 10:40:26 PM User Action: 2
11/16/2020 10:40:27 PM User Action: 1001
11/16/2020 10:40:30 PM User Action: 30
11/16/2020 10:40:30 PM 30 Apple added to your cart
11/16/2020 10:40:31 PM Display Main Menu
11/16/2020 10:41:11 PM User Action: 3
11/16/2020 10:41:18 PM Display Main Menu
11/16/2020 10:41:19 PM User Action: 4
11/16/2020 10:41:19 PM User contains {'Apple': 30} in cart
11/16/2020 10:41:19 PM Preparing bill..
11/16/2020 10:41:19 PM Total Bill amount to pay 360 Rupees 

11/16/2020 10:42:44 PM 1.0 Stock Downloaded
11/16/2020 10:42:44 PM Display Main Menu
11/16/2020 10:42:47 PM User Action: 2
11/16/2020 10:42:49 PM User Action: 1001
11/16/2020 10:42:50 PM User Action: 20
11/16/2020 10:42:50 PM 20 Apple added to your cart
11/16/2020 10:42:51 PM Display Main Menu
11/16/2020 10:42:52 PM User Action: 3
11/16/2020 10:43:00 PM Display Main Menu
11/16/2020 10:43:20 PM 1.0 Stock Downloaded
11/16/2020 10:43:20 PM Display Main Menu
11/16/2020 10:43:25 PM User Action: 2
11/16/2020 10:43:27 PM User Action: 1001
11/16/2020 10:43:28 PM User Action: 20
11/16/2020 10:43:28 PM 20 Apple added to your cart
11/16/2020 10:43:31 PM Display Main Menu
11/16/2020 10:43:33 PM User Action: 3
11/16/2020 10:43:33 PM Showing cart to user, available item/s is/are - {'Apple': 20}
11/16/2020 10:43:40 PM Display Main Menu
11/16/2020 10:43:42 PM User Action: 4
11/16/2020 10:43:42 PM User contains {'Apple': 20} in cart
11/16/2020 10:43:42 PM Preparing bill..
11/16/2020 10:43:42 PM Total Bill amount to pay 240 Rupees 

11/16/2020 10:44:41 PM 1.0 Stock Downloaded
11/16/2020 10:44:41 PM Display Main Menu
11/16/2020 10:44:45 PM User Action: 2
11/16/2020 10:44:46 PM User Action: 1001
11/16/2020 10:44:47 PM User Action: 23
11/16/2020 10:44:47 PM 23 Apple added to your cart
11/16/2020 10:44:57 PM User Action: 1002
11/16/2020 10:44:59 PM User Action: 12
11/16/2020 10:44:59 PM 12 Banana added to your cart
11/16/2020 10:45:01 PM User Action: 
11/16/2020 10:45:02 PM User Action: 
11/16/2020 10:45:03 PM User Action: 
11/16/2020 10:45:03 PM Display Main Menu
11/16/2020 10:45:14 PM User Action: 3
11/16/2020 10:45:14 PM Showing cart to user, available item/s is/are - {'Apple': 23, 'Banana': 12}
11/16/2020 10:45:21 PM Display Main Menu
11/16/2020 10:45:22 PM User Action: 4
11/16/2020 10:45:22 PM Checking out items from cart - {'Apple': 23, 'Banana': 12} in cart
11/16/2020 10:45:22 PM Preparing bill..
11/16/2020 10:45:22 PM Total Bill amount to pay 456 Rupees 

11/20/2020 11:15:07 PM 1.0 Stock Downloaded
11/20/2020 11:15:07 PM Display Main Menu
11/20/2020 11:15:11 PM User Action: 1
11/20/2020 11:15:11 PM Display Main Menu
11/20/2020 11:15:19 PM User Action: 2
11/20/2020 11:15:23 PM User Action: 1001
11/20/2020 11:15:24 PM User Action: 5
11/20/2020 11:15:24 PM 5 Apple added to your cart
11/20/2020 11:15:39 PM User Action: 1002
11/20/2020 11:15:43 PM User Action: 6
11/20/2020 11:15:43 PM 6 Banana added to your cart
11/20/2020 11:17:25 PM User Action: 1005
11/20/2020 11:17:30 PM User Action: 25
11/20/2020 11:17:39 PM User Action: 
11/20/2020 11:17:40 PM User Action: 
11/20/2020 11:17:40 PM Display Main Menu
11/20/2020 11:17:46 PM User Action: 3
11/20/2020 11:17:46 PM Showing cart to user, available item/s is/are - {'Apple': 5, 'Banana': 6}
11/20/2020 11:17:53 PM Display Main Menu
11/20/2020 11:17:57 PM User Action: 4
11/20/2020 11:17:57 PM Checking out items from cart - {'Apple': 5, 'Banana': 6} in cart
11/20/2020 11:17:57 PM Preparing bill..
11/20/2020 11:17:57 PM Total Bill amount to pay 150 Rupees 

