11/20/2020 11:44:33 PM 1.0 Stock Downloaded
11/20/2020 11:44:33 PM Displayed Main Menu to the user!
11/20/2020 11:44:39 PM User Action: 1
11/20/2020 11:44:39 PM Displayed Main Menu to the user!
11/20/2020 11:44:42 PM User Action: 
11/20/2020 11:44:42 PM Displayed Main Menu to the user!
11/20/2020 11:44:43 PM User Action: 
11/20/2020 11:44:43 PM Displayed Main Menu to the user!
11/20/2020 11:44:43 PM User Action: 
11/20/2020 11:44:43 PM Displayed Main Menu to the user!
11/20/2020 11:44:43 PM User Action: 
11/20/2020 11:44:43 PM Displayed Main Menu to the user!
11/20/2020 11:44:44 PM User Action: 
11/20/2020 11:44:44 PM Displayed Main Menu to the user!
11/20/2020 11:44:44 PM User Action: 
11/20/2020 11:44:44 PM Displayed Main Menu to the user!
11/20/2020 11:44:44 PM User Action: 
11/20/2020 11:44:44 PM Displayed Main Menu to the user!
11/20/2020 11:44:44 PM User Action: 
11/20/2020 11:44:44 PM Displayed Main Menu to the user!
11/20/2020 11:45:50 PM 1.0 Stock Downloaded
11/20/2020 11:45:50 PM Stock downloaded ....... :)
11/20/2020 11:45:50 PM Displayed Main Menu to the user!
11/20/2020 11:46:00 PM User Action: 1
11/20/2020 11:46:00 PM Displayed Main Menu to the user!
01/16/2021 12:53:22 AM 1.0 Stock Downloaded
01/16/2021 12:53:22 AM Stock downloaded ....... :)
01/16/2021 12:53:22 AM Displayed Main Menu to the user!
01/16/2021 12:53:29 AM User Action: 1
01/16/2021 12:53:29 AM Displayed Main Menu to the user!
01/16/2021 12:53:34 AM User Action: 1002
01/16/2021 12:53:34 AM Displayed Main Menu to the user!
01/16/2021 12:53:35 AM User Action: 5
01/16/2021 12:54:02 AM 1.0 Stock Downloaded
01/16/2021 12:54:02 AM Stock downloaded ....... :)
01/16/2021 12:54:02 AM Displayed Main Menu to the user!
01/16/2021 12:54:11 AM User Action: 1
01/16/2021 12:54:11 AM Displayed Main Menu to the user!
01/16/2021 12:54:14 AM User Action: 2
01/16/2021 12:54:16 AM User Action: 1002
01/16/2021 12:54:18 AM User Action: 6
01/16/2021 12:54:18 AM 6 Banana added to your cart
01/16/2021 12:54:31 AM Displayed Main Menu to the user!
01/16/2021 12:54:34 AM User Action: 3
01/16/2021 12:54:34 AM Showing cart to user, available item/s is/are - {'Banana': 6}
01/16/2021 12:54:41 AM Displayed Main Menu to the user!
01/16/2021 12:54:44 AM User Action: 4
01/16/2021 12:54:44 AM Checking out items from cart - {'Banana': 6} in cart
01/16/2021 12:54:44 AM Preparing bill..
01/16/2021 12:54:44 AM Total Bill amount to pay 90 Rupees 

05/19/2021 08:28:11 PM 1.0 Stock Downloaded
05/19/2021 08:28:11 PM Stock downloaded ....... :)
05/19/2021 08:28:11 PM Displayed Main Menu to the user!
05/19/2021 08:28:30 PM User Action: 1
05/19/2021 08:28:30 PM Displayed Main Menu to the user!
05/19/2021 08:28:35 PM User Action: 2
05/19/2021 08:28:49 PM User Action: 1001
05/19/2021 08:28:51 PM User Action: 5
05/19/2021 08:28:51 PM 5 Apple added to your cart
05/19/2021 08:28:59 PM User Action: 1009
05/19/2021 08:29:01 PM User Action: 3
05/19/2021 08:29:01 PM 3 orange added to your cart
05/19/2021 08:29:16 PM User Action: 1009
05/19/2021 08:29:18 PM User Action: 2
05/19/2021 08:29:18 PM 2 orange added to your cart
05/19/2021 08:29:19 PM User Action: 
05/19/2021 08:29:20 PM User Action: 
05/19/2021 08:29:20 PM Displayed Main Menu to the user!
05/19/2021 08:29:24 PM User Action: 3
05/19/2021 08:29:24 PM Showing cart to user, available item/s is/are - {'Apple': 5, 'orange': 2}
05/19/2021 08:29:31 PM Displayed Main Menu to the user!
05/19/2021 08:29:31 PM User Action: 
05/19/2021 08:29:31 PM Displayed Main Menu to the user!
05/19/2021 08:29:35 PM User Action: 4
05/19/2021 08:29:35 PM Checking out items from cart - {'Apple': 5, 'orange': 2} in cart
05/19/2021 08:29:35 PM Preparing bill..
05/19/2021 08:29:35 PM Total Bill amount to pay 80 Rupees 

